2018-12-25 23:59:03 WARN  TokenProvider:43 - Warning: the JWT key used is not Base64-encoded. We recommend using the `jhipster.security.authentication.jwt.base64-secret` key for optimum security.
2018-12-26 00:04:15 WARN  TokenProvider:43 - Warning: the JWT key used is not Base64-encoded. We recommend using the `jhipster.security.authentication.jwt.base64-secret` key for optimum security.
2018-12-26 00:04:58 WARN  TokenProvider:43 - Warning: the JWT key used is not Base64-encoded. We recommend using the `jhipster.security.authentication.jwt.base64-secret` key for optimum security.
2018-12-26 00:27:33 WARN  TokenProvider:43 - Warning: the JWT key used is not Base64-encoded. We recommend using the `jhipster.security.authentication.jwt.base64-secret` key for optimum security.
2018-12-26 00:31:19 WARN  TokenProvider:43 - Warning: the JWT key used is not Base64-encoded. We recommend using the `jhipster.security.authentication.jwt.base64-secret` key for optimum security.
2018-12-26 00:31:51 WARN  TokenProvider:43 - Warning: the JWT key used is not Base64-encoded. We recommend using the `jhipster.security.authentication.jwt.base64-secret` key for optimum security.
2018-12-26 00:35:48 WARN  TokenProvider:43 - Warning: the JWT key used is not Base64-encoded. We recommend using the `jhipster.security.authentication.jwt.base64-secret` key for optimum security.
2018-12-26 00:36:23 WARN  TokenProvider:43 - Warning: the JWT key used is not Base64-encoded. We recommend using the `jhipster.security.authentication.jwt.base64-secret` key for optimum security.
2018-12-26 00:36:35 WARN  TokenProvider:43 - Warning: the JWT key used is not Base64-encoded. We recommend using the `jhipster.security.authentication.jwt.base64-secret` key for optimum security.
2018-12-26 00:37:33 WARN  TokenProvider:43 - Warning: the JWT key used is not Base64-encoded. We recommend using the `jhipster.security.authentication.jwt.base64-secret` key for optimum security.
2018-12-26 00:41:58 WARN  TokenProvider:43 - Warning: the JWT key used is not Base64-encoded. We recommend using the `jhipster.security.authentication.jwt.base64-secret` key for optimum security.
2018-12-26 00:43:57 WARN  TokenProvider:43 - Warning: the JWT key used is not Base64-encoded. We recommend using the `jhipster.security.authentication.jwt.base64-secret` key for optimum security.
2018-12-26 00:46:45 WARN  TokenProvider:43 - Warning: the JWT key used is not Base64-encoded. We recommend using the `jhipster.security.authentication.jwt.base64-secret` key for optimum security.
2018-12-26 00:48:47 WARN  TokenProvider:43 - Warning: the JWT key used is not Base64-encoded. We recommend using the `jhipster.security.authentication.jwt.base64-secret` key for optimum security.
2018-12-26 23:38:15 WARN  TokenProvider:41 - Warning: the JWT key used is not Base64-encoded. We recommend using the `jhipster.security.authenticate.jwt.base64-secret` key for optimum security.
2018-12-26 23:49:49 WARN  TokenProvider:41 - Warning: the JWT key used is not Base64-encoded. We recommend using the `jhipster.security.authenticate.jwt.base64-secret` key for optimum security.
2018-12-26 23:50:02 WARN  TokenProvider:41 - Warning: the JWT key used is not Base64-encoded. We recommend using the `jhipster.security.authenticate.jwt.base64-secret` key for optimum security.
2018-12-26 23:51:14 WARN  TokenProvider:41 - Warning: the JWT key used is not Base64-encoded. We recommend using the `jhipster.security.authenticate.jwt.base64-secret` key for optimum security.
2018-12-26 23:52:25 WARN  TokenProvider:41 - Warning: the JWT key used is not Base64-encoded. We recommend using the `jhipster.security.authenticate.jwt.base64-secret` key for optimum security.
2018-12-26 23:53:06 WARN  TokenProvider:41 - Warning: the JWT key used is not Base64-encoded. We recommend using the `jhipster.security.authenticate.jwt.base64-secret` key for optimum security.
2018-12-26 23:57:07 WARN  TokenProvider:41 - Warning: the JWT key used is not Base64-encoded. We recommend using the `jhipster.security.authenticate.jwt.base64-secret` key for optimum security.
2018-12-26 23:58:20 WARN  TokenProvider:41 - Warning: the JWT key used is not Base64-encoded. We recommend using the `jhipster.security.authenticate.jwt.base64-secret` key for optimum security.
2018-12-26 23:59:01 INFO  TokenProvider:102 - Expired JWT token.
2018-12-26 23:59:06 INFO  TokenProvider:102 - Expired JWT token.
2018-12-26 23:59:09 INFO  TokenProvider:102 - Expired JWT token.
2018-12-26 23:59:12 INFO  TokenProvider:102 - Expired JWT token.
2018-12-26 23:59:15 INFO  TokenProvider:102 - Expired JWT token.
2018-12-27 00:00:37 INFO  TokenProvider:102 - Expired JWT token.
2018-12-27 00:05:14 INFO  TokenProvider:102 - Expired JWT token.
2018-12-27 00:05:22 INFO  TokenProvider:102 - Expired JWT token.
2018-12-27 00:05:22 INFO  TokenProvider:102 - Expired JWT token.
2018-12-27 00:09:29 INFO  TokenProvider:102 - Expired JWT token.
2018-12-27 00:09:36 INFO  TokenProvider:102 - Expired JWT token.
2018-12-27 00:09:36 INFO  TokenProvider:102 - Expired JWT token.
2018-12-27 00:09:39 INFO  TokenProvider:102 - Expired JWT token.
2018-12-27 00:09:39 INFO  TokenProvider:102 - Expired JWT token.
2018-12-27 00:09:58 INFO  TokenProvider:102 - Expired JWT token.
2018-12-27 00:09:58 INFO  TokenProvider:102 - Expired JWT token.
2018-12-27 00:10:02 INFO  TokenProvider:102 - Expired JWT token.
2018-12-27 00:10:02 INFO  TokenProvider:102 - Expired JWT token.
2018-12-27 00:10:27 INFO  TokenProvider:102 - Expired JWT token.
2018-12-27 00:10:27 INFO  TokenProvider:102 - Expired JWT token.
2018-12-27 00:11:58 WARN  TokenProvider:41 - Warning: the JWT key used is not Base64-encoded. We recommend using the `jhipster.security.authenticate.jwt.base64-secret` key for optimum security.
2018-12-27 00:12:14 INFO  TokenProvider:102 - Expired JWT token.
2018-12-27 00:12:21 INFO  TokenProvider:102 - Expired JWT token.
2018-12-27 00:12:21 INFO  TokenProvider:102 - Expired JWT token.
2018-12-27 00:19:33 WARN  TokenProvider:41 - Warning: the JWT key used is not Base64-encoded. We recommend using the `jhipster.security.authenticate.jwt.base64-secret` key for optimum security.
2018-12-28 11:22:58 WARN  TokenProvider:41 - Warning: the JWT key used is not Base64-encoded. We recommend using the `jhipster.security.authenticate.jwt.base64-secret` key for optimum security.
2018-12-28 11:29:30 WARN  TokenProvider:41 - Warning: the JWT key used is not Base64-encoded. We recommend using the `jhipster.security.authenticate.jwt.base64-secret` key for optimum security.
2018-12-28 11:31:00 WARN  TokenProvider:41 - Warning: the JWT key used is not Base64-encoded. We recommend using the `jhipster.security.authenticate.jwt.base64-secret` key for optimum security.
2018-12-28 11:31:43 WARN  TokenProvider:41 - Warning: the JWT key used is not Base64-encoded. We recommend using the `jhipster.security.authenticate.jwt.base64-secret` key for optimum security.
2018-12-28 11:34:13 WARN  TokenProvider:41 - Warning: the JWT key used is not Base64-encoded. We recommend using the `jhipster.security.authenticate.jwt.base64-secret` key for optimum security.
2018-12-28 12:44:58 WARN  TokenProvider:41 - Warning: the JWT key used is not Base64-encoded. We recommend using the `jhipster.security.authenticate.jwt.base64-secret` key for optimum security.
2018-12-28 12:47:18 WARN  TokenProvider:41 - Warning: the JWT key used is not Base64-encoded. We recommend using the `jhipster.security.authenticate.jwt.base64-secret` key for optimum security.
2018-12-28 14:01:48 WARN  TokenProvider:41 - Warning: the JWT key used is not Base64-encoded. We recommend using the `jhipster.security.authenticate.jwt.base64-secret` key for optimum security.
2018-12-28 14:13:06 WARN  TokenProvider:41 - Warning: the JWT key used is not Base64-encoded. We recommend using the `jhipster.security.authenticate.jwt.base64-secret` key for optimum security.
2018-12-28 14:17:27 WARN  TokenProvider:41 - Warning: the JWT key used is not Base64-encoded. We recommend using the `jhipster.security.authenticate.jwt.base64-secret` key for optimum security.
2018-12-28 14:20:40 WARN  TokenProvider:41 - Warning: the JWT key used is not Base64-encoded. We recommend using the `jhipster.security.authenticate.jwt.base64-secret` key for optimum security.
2018-12-28 14:25:24 WARN  TokenProvider:41 - Warning: the JWT key used is not Base64-encoded. We recommend using the `jhipster.security.authenticate.jwt.base64-secret` key for optimum security.
2018-12-28 14:27:47 WARN  TokenProvider:41 - Warning: the JWT key used is not Base64-encoded. We recommend using the `jhipster.security.authenticate.jwt.base64-secret` key for optimum security.
2018-12-31 18:30:40 WARN  TokenProvider:41 - Warning: the JWT key used is not Base64-encoded. We recommend using the `jhipster.security.authenticate.jwt.base64-secret` key for optimum security.
2018-12-31 19:59:15 WARN  TokenProvider:41 - Warning: the JWT key used is not Base64-encoded. We recommend using the `jhipster.security.authenticate.jwt.base64-secret` key for optimum security.
2019-01-01 10:35:43 WARN  TokenProvider:41 - Warning: the JWT key used is not Base64-encoded. We recommend using the `jhipster.security.authenticate.jwt.base64-secret` key for optimum security.
2019-01-01 10:45:00 WARN  TokenProvider:41 - Warning: the JWT key used is not Base64-encoded. We recommend using the `jhipster.security.authenticate.jwt.base64-secret` key for optimum security.
2019-01-01 11:16:54 WARN  TokenProvider:41 - Warning: the JWT key used is not Base64-encoded. We recommend using the `jhipster.security.authenticate.jwt.base64-secret` key for optimum security.
2019-01-01 12:46:55 WARN  TokenProvider:41 - Warning: the JWT key used is not Base64-encoded. We recommend using the `jhipster.security.authenticate.jwt.base64-secret` key for optimum security.
2019-01-01 12:50:03 WARN  TokenProvider:41 - Warning: the JWT key used is not Base64-encoded. We recommend using the `jhipster.security.authenticate.jwt.base64-secret` key for optimum security.
2019-01-01 12:58:24 WARN  TokenProvider:41 - Warning: the JWT key used is not Base64-encoded. We recommend using the `jhipster.security.authenticate.jwt.base64-secret` key for optimum security.
2019-01-01 13:08:22 WARN  TokenProvider:41 - Warning: the JWT key used is not Base64-encoded. We recommend using the `jhipster.security.authenticate.jwt.base64-secret` key for optimum security.
2019-01-01 13:17:44 WARN  TokenProvider:41 - Warning: the JWT key used is not Base64-encoded. We recommend using the `jhipster.security.authenticate.jwt.base64-secret` key for optimum security.
2019-01-01 13:25:15 WARN  TokenProvider:41 - Warning: the JWT key used is not Base64-encoded. We recommend using the `jhipster.security.authenticate.jwt.base64-secret` key for optimum security.
2019-01-01 13:33:19 WARN  TokenProvider:41 - Warning: the JWT key used is not Base64-encoded. We recommend using the `jhipster.security.authenticate.jwt.base64-secret` key for optimum security.
2019-01-01 13:40:49 WARN  TokenProvider:41 - Warning: the JWT key used is not Base64-encoded. We recommend using the `jhipster.security.authenticate.jwt.base64-secret` key for optimum security.
2019-01-01 13:42:02 WARN  TokenProvider:41 - Warning: the JWT key used is not Base64-encoded. We recommend using the `jhipster.security.authenticate.jwt.base64-secret` key for optimum security.
2019-01-01 13:45:10 WARN  TokenProvider:41 - Warning: the JWT key used is not Base64-encoded. We recommend using the `jhipster.security.authenticate.jwt.base64-secret` key for optimum security.
2019-01-01 20:22:01 WARN  TokenProvider:41 - Warning: the JWT key used is not Base64-encoded. We recommend using the `jhipster.security.authenticate.jwt.base64-secret` key for optimum security.
2019-01-01 21:53:35 WARN  TokenProvider:41 - Warning: the JWT key used is not Base64-encoded. We recommend using the `jhipster.security.authenticate.jwt.base64-secret` key for optimum security.
2019-01-01 22:00:45 WARN  TokenProvider:41 - Warning: the JWT key used is not Base64-encoded. We recommend using the `jhipster.security.authenticate.jwt.base64-secret` key for optimum security.
2019-01-01 22:03:52 DEBUG HibernateConfig:121 - -> OnLoad
2019-01-01 22:04:07 DEBUG HibernateConfig:121 - -> OnLoad
2019-01-01 22:04:11 DEBUG HibernateConfig:121 - -> OnLoad
2019-01-01 22:04:51 DEBUG HibernateConfig:121 - -> OnLoad
2019-01-01 22:06:31 DEBUG HibernateConfig:166 - -> preFlush
2019-01-01 22:06:31 DEBUG HibernateConfig:171 - -> postFlush
2019-01-01 22:08:12 DEBUG HibernateConfig:121 - -> OnLoad
2019-01-01 22:08:13 DEBUG HibernateConfig:121 - -> OnLoad
2019-01-01 22:08:14 DEBUG HibernateConfig:121 - -> OnLoad
2019-01-01 22:09:06 DEBUG HibernateConfig:121 - -> OnLoad
2019-01-01 22:11:32 DEBUG HibernateConfig:166 - -> preFlush
2019-01-01 22:11:32 DEBUG HibernateConfig:171 - -> postFlush
2019-01-01 22:11:38 WARN  TokenProvider:41 - Warning: the JWT key used is not Base64-encoded. We recommend using the `jhipster.security.authenticate.jwt.base64-secret` key for optimum security.
2019-01-01 22:11:56 DEBUG HibernateConfig:121 - -> OnLoad
2019-01-01 22:11:56 DEBUG HibernateConfig:121 - -> OnLoad
2019-01-01 22:11:57 DEBUG HibernateConfig:121 - -> OnLoad
2019-01-01 22:12:21 DEBUG HibernateConfig:121 - -> OnLoad
2019-01-01 22:12:26 DEBUG HibernateConfig:121 - -> OnLoad
2019-01-01 22:15:46 DEBUG HibernateConfig:166 - -> preFlush
2019-01-01 22:15:50 DEBUG HibernateConfig:171 - -> postFlush
2019-01-01 22:17:51 DEBUG HibernateConfig:121 - -> OnLoad
2019-01-01 22:17:52 DEBUG HibernateConfig:121 - -> OnLoad
2019-01-01 22:17:52 DEBUG HibernateConfig:121 - -> OnLoad
2019-01-01 22:18:16 DEBUG HibernateConfig:121 - -> OnLoad
2019-01-01 23:36:45 WARN  TokenProvider:41 - Warning: the JWT key used is not Base64-encoded. We recommend using the `jhipster.security.authenticate.jwt.base64-secret` key for optimum security.
2019-01-01 23:38:44 WARN  TokenProvider:41 - Warning: the JWT key used is not Base64-encoded. We recommend using the `jhipster.security.authenticate.jwt.base64-secret` key for optimum security.
2019-01-02 15:28:28 WARN  TokenProvider:41 - Warning: the JWT key used is not Base64-encoded. We recommend using the `jhipster.security.authenticate.jwt.base64-secret` key for optimum security.
2019-01-02 15:32:39 WARN  TokenProvider:41 - Warning: the JWT key used is not Base64-encoded. We recommend using the `jhipster.security.authenticate.jwt.base64-secret` key for optimum security.
2019-01-02 17:35:09 WARN  TokenProvider:41 - Warning: the JWT key used is not Base64-encoded. We recommend using the `applicationProperties.settings.security.authentication.jwt.base64Secret` key for optimum security.
2019-01-02 17:47:16 WARN  TokenProvider:41 - Warning: the JWT key used is not Base64-encoded. We recommend using the `applicationProperties.settings.security.authentication.jwt.base64Secret` key for optimum security.
2019-01-02 17:49:14 WARN  TokenProvider:41 - Warning: the JWT key used is not Base64-encoded. We recommend using the `applicationProperties.settings.security.authentication.jwt.base64Secret` key for optimum security.
2019-01-02 17:50:50 WARN  TokenProvider:41 - Warning: the JWT key used is not Base64-encoded. We recommend using the `applicationProperties.settings.security.authentication.jwt.base64Secret` key for optimum security.
2019-01-02 17:54:47 WARN  TokenProvider:41 - Warning: the JWT key used is not Base64-encoded. We recommend using the `applicationProperties.settings.security.authentication.jwt.base64Secret` key for optimum security.
2019-01-02 20:28:05 WARN  TokenProvider:41 - Warning: the JWT key used is not Base64-encoded. We recommend using the `applicationProperties.settings.security.authentication.jwt.base64Secret` key for optimum security.
2019-01-02 20:32:02 WARN  TokenProvider:41 - Warning: the JWT key used is not Base64-encoded. We recommend using the `applicationProperties.settings.security.authentication.jwt.base64Secret` key for optimum security.
2019-01-02 21:27:23 WARN  TokenProvider:41 - Warning: the JWT key used is not Base64-encoded. We recommend using the `applicationProperties.settings.security.authentication.jwt.base64Secret` key for optimum security.
2019-01-02 21:34:15 WARN  TokenProvider:41 - Warning: the JWT key used is not Base64-encoded. We recommend using the `applicationProperties.settings.security.authentication.jwt.base64Secret` key for optimum security.
2019-01-02 21:34:54 INFO  TokenProvider:102 - Expired JWT token.
2019-01-02 21:35:07 INFO  TokenProvider:102 - Expired JWT token.
2019-01-02 21:35:07 INFO  TokenProvider:102 - Expired JWT token.
2019-01-02 23:57:37 WARN  TokenProvider:41 - Warning: the JWT key used is not Base64-encoded. We recommend using the `applicationProperties.settings.security.authentication.jwt.base64Secret` key for optimum security.
2019-01-03 00:36:17 WARN  TokenProvider:41 - Warning: the JWT key used is not Base64-encoded. We recommend using the `applicationProperties.settings.security.authentication.jwt.base64Secret` key for optimum security.
2019-01-03 00:44:22 WARN  TokenProvider:41 - Warning: the JWT key used is not Base64-encoded. We recommend using the `applicationProperties.settings.security.authentication.jwt.base64Secret` key for optimum security.
2019-01-03 00:55:46 WARN  TokenProvider:41 - Warning: the JWT key used is not Base64-encoded. We recommend using the `applicationProperties.settings.security.authentication.jwt.base64Secret` key for optimum security.
2019-01-03 00:56:36 WARN  TokenProvider:41 - Warning: the JWT key used is not Base64-encoded. We recommend using the `applicationProperties.settings.security.authentication.jwt.base64Secret` key for optimum security.
2019-01-03 01:01:48 WARN  TokenProvider:41 - Warning: the JWT key used is not Base64-encoded. We recommend using the `applicationProperties.settings.security.authentication.jwt.base64Secret` key for optimum security.
2019-01-03 01:02:33 WARN  TokenProvider:41 - Warning: the JWT key used is not Base64-encoded. We recommend using the `applicationProperties.settings.security.authentication.jwt.base64Secret` key for optimum security.
2019-01-03 01:03:39 WARN  TokenProvider:41 - Warning: the JWT key used is not Base64-encoded. We recommend using the `applicationProperties.settings.security.authentication.jwt.base64Secret` key for optimum security.
2019-01-03 01:05:45 WARN  TokenProvider:41 - Warning: the JWT key used is not Base64-encoded. We recommend using the `applicationProperties.settings.security.authentication.jwt.base64Secret` key for optimum security.
2019-01-03 15:05:53 WARN  TokenProvider:41 - Warning: the JWT key used is not Base64-encoded. We recommend using the `applicationProperties.settings.security.authentication.jwt.base64Secret` key for optimum security.
2019-01-03 15:46:53 WARN  TokenProvider:43 - Warning: the JWT key used is not Base64-encoded. We recommend using the `applicationProperties.settings.security.authentication.jwt.base64Secret` key for optimum security.
2019-01-03 15:58:03 WARN  TokenProvider:43 - Warning: the JWT key used is not Base64-encoded. We recommend using the `applicationProperties.settings.security.authentication.jwt.base64Secret` key for optimum security.
2019-01-03 16:00:44 WARN  TokenProvider:43 - Warning: the JWT key used is not Base64-encoded. We recommend using the `applicationProperties.settings.security.authentication.jwt.base64Secret` key for optimum security.
2019-01-03 16:05:50 INFO  TokenProvider:108 - Expired JWT token.
2019-01-03 16:05:50 INFO  TokenProvider:108 - Expired JWT token.
2019-01-03 16:09:34 WARN  TokenProvider:43 - Warning: the JWT key used is not Base64-encoded. We recommend using the `applicationProperties.settings.security.authentication.jwt.base64Secret` key for optimum security.
2019-01-03 16:11:58 WARN  TokenProvider:43 - Warning: the JWT key used is not Base64-encoded. We recommend using the `applicationProperties.settings.security.authentication.jwt.base64Secret` key for optimum security.
2019-01-03 16:34:55 WARN  TokenProvider:43 - Warning: the JWT key used is not Base64-encoded. We recommend using the `applicationProperties.settings.security.authentication.jwt.base64Secret` key for optimum security.
2019-01-03 16:38:38 WARN  TokenProvider:43 - Warning: the JWT key used is not Base64-encoded. We recommend using the `applicationProperties.settings.security.authentication.jwt.base64Secret` key for optimum security.
2019-01-03 16:45:44 WARN  TokenProvider:43 - Warning: the JWT key used is not Base64-encoded. We recommend using the `applicationProperties.settings.security.authentication.jwt.base64Secret` key for optimum security.
2019-01-03 16:49:22 WARN  TokenProvider:43 - Warning: the JWT key used is not Base64-encoded. We recommend using the `applicationProperties.settings.security.authentication.jwt.base64Secret` key for optimum security.
2019-01-03 18:07:04 WARN  TokenProvider:43 - Warning: the JWT key used is not Base64-encoded. We recommend using the `applicationProperties.settings.security.authentication.jwt.base64Secret` key for optimum security.
2019-01-03 19:08:51 WARN  TokenProvider:43 - Warning: the JWT key used is not Base64-encoded. We recommend using the `applicationProperties.settings.security.authentication.jwt.base64Secret` key for optimum security.
2019-01-03 19:10:07 WARN  TokenProvider:43 - Warning: the JWT key used is not Base64-encoded. We recommend using the `applicationProperties.settings.security.authentication.jwt.base64Secret` key for optimum security.
2019-01-03 20:29:24 WARN  TokenProvider:43 - Warning: the JWT key used is not Base64-encoded. We recommend using the `applicationProperties.settings.security.authentication.jwt.base64Secret` key for optimum security.
2019-01-03 21:54:01 WARN  TokenProvider:43 - Warning: the JWT key used is not Base64-encoded. We recommend using the `applicationProperties.settings.security.authentication.jwt.base64Secret` key for optimum security.
2019-01-03 21:56:54 WARN  TokenProvider:43 - Warning: the JWT key used is not Base64-encoded. We recommend using the `applicationProperties.settings.security.authentication.jwt.base64Secret` key for optimum security.
2019-01-04 00:09:20 WARN  TokenProvider:46 - Warning: the JWT key used is not Base64-encoded. We recommend using the `applicationProperties.settings.security.authentication.jwt.base64Secret` key for optimum security.
2019-01-04 00:35:08 WARN  TokenProvider:46 - Warning: the JWT key used is not Base64-encoded. We recommend using the `applicationProperties.settings.security.authentication.jwt.base64Secret` key for optimum security.
2019-01-04 00:37:26 WARN  TokenProvider:46 - Warning: the JWT key used is not Base64-encoded. We recommend using the `applicationProperties.settings.security.authentication.jwt.base64Secret` key for optimum security.
2019-01-04 00:41:32 WARN  TokenProvider:46 - Warning: the JWT key used is not Base64-encoded. We recommend using the `applicationProperties.settings.security.authentication.jwt.base64Secret` key for optimum security.
2019-01-04 00:48:42 WARN  TokenProvider:46 - Warning: the JWT key used is not Base64-encoded. We recommend using the `applicationProperties.settings.security.authentication.jwt.base64Secret` key for optimum security.
2019-01-04 00:51:27 WARN  TokenProvider:46 - Warning: the JWT key used is not Base64-encoded. We recommend using the `applicationProperties.settings.security.authentication.jwt.base64Secret` key for optimum security.
2019-01-04 00:54:19 WARN  TokenProvider:46 - Warning: the JWT key used is not Base64-encoded. We recommend using the `applicationProperties.settings.security.authentication.jwt.base64Secret` key for optimum security.
2019-01-04 09:37:30 WARN  TokenProvider:46 - Warning: the JWT key used is not Base64-encoded. We recommend using the `applicationProperties.settings.security.authentication.jwt.base64Secret` key for optimum security.
2019-01-04 09:45:37 WARN  TokenProvider:46 - Warning: the JWT key used is not Base64-encoded. We recommend using the `applicationProperties.settings.security.authentication.jwt.base64Secret` key for optimum security.
2019-01-04 09:50:49 WARN  TokenProvider:46 - Warning: the JWT key used is not Base64-encoded. We recommend using the `applicationProperties.settings.security.authentication.jwt.base64Secret` key for optimum security.
2019-01-04 10:05:19 WARN  TokenProvider:46 - Warning: the JWT key used is not Base64-encoded. We recommend using the `applicationProperties.settings.security.authentication.jwt.base64Secret` key for optimum security.
2019-01-04 10:10:16 WARN  TokenProvider:46 - Warning: the JWT key used is not Base64-encoded. We recommend using the `applicationProperties.settings.security.authentication.jwt.base64Secret` key for optimum security.
2019-01-04 11:26:24 WARN  TokenProvider:46 - Warning: the JWT key used is not Base64-encoded. We recommend using the `applicationProperties.settings.security.authentication.jwt.base64Secret` key for optimum security.
2019-01-04 11:35:36 WARN  TokenProvider:46 - Warning: the JWT key used is not Base64-encoded. We recommend using the `applicationProperties.settings.security.authentication.jwt.base64Secret` key for optimum security.
2019-01-04 11:37:51 WARN  TokenProvider:46 - Warning: the JWT key used is not Base64-encoded. We recommend using the `applicationProperties.settings.security.authentication.jwt.base64Secret` key for optimum security.
2019-01-04 11:58:40 WARN  TokenProvider:46 - Warning: the JWT key used is not Base64-encoded. We recommend using the `applicationProperties.settings.security.authentication.jwt.base64Secret` key for optimum security.
2019-01-04 12:00:30 WARN  TokenProvider:46 - Warning: the JWT key used is not Base64-encoded. We recommend using the `applicationProperties.settings.security.authentication.jwt.base64Secret` key for optimum security.
2019-01-04 12:13:13 WARN  TokenProvider:46 - Warning: the JWT key used is not Base64-encoded. We recommend using the `applicationProperties.settings.security.authentication.jwt.base64Secret` key for optimum security.
2019-01-04 12:16:50 WARN  TokenProvider:46 - Warning: the JWT key used is not Base64-encoded. We recommend using the `applicationProperties.settings.security.authentication.jwt.base64Secret` key for optimum security.
2019-01-04 12:29:11 WARN  TokenProvider:46 - Warning: the JWT key used is not Base64-encoded. We recommend using the `applicationProperties.settings.security.authentication.jwt.base64Secret` key for optimum security.
2019-01-04 12:40:24 WARN  TokenProvider:46 - Warning: the JWT key used is not Base64-encoded. We recommend using the `applicationProperties.settings.security.authentication.jwt.base64Secret` key for optimum security.
2019-01-04 12:50:50 WARN  TokenProvider:46 - Warning: the JWT key used is not Base64-encoded. We recommend using the `applicationProperties.settings.security.authentication.jwt.base64Secret` key for optimum security.
2019-01-04 13:02:01 WARN  TokenProvider:46 - Warning: the JWT key used is not Base64-encoded. We recommend using the `applicationProperties.settings.security.authentication.jwt.base64Secret` key for optimum security.
2019-01-04 13:02:34 WARN  TokenProvider:46 - Warning: the JWT key used is not Base64-encoded. We recommend using the `applicationProperties.settings.security.authentication.jwt.base64Secret` key for optimum security.
2019-01-04 13:03:52 WARN  TokenProvider:46 - Warning: the JWT key used is not Base64-encoded. We recommend using the `applicationProperties.settings.security.authentication.jwt.base64Secret` key for optimum security.
2019-01-04 13:49:58 WARN  TokenProvider:46 - Warning: the JWT key used is not Base64-encoded. We recommend using the `applicationProperties.settings.security.authentication.jwt.base64Secret` key for optimum security.
2019-01-04 14:18:47 WARN  TokenProvider:46 - Warning: the JWT key used is not Base64-encoded. We recommend using the `applicationProperties.settings.security.authentication.jwt.base64Secret` key for optimum security.
2019-01-04 15:11:02 WARN  TokenProvider:46 - Warning: the JWT key used is not Base64-encoded. We recommend using the `applicationProperties.settings.security.authentication.jwt.base64Secret` key for optimum security.
2019-01-04 15:14:05 WARN  TokenProvider:46 - Warning: the JWT key used is not Base64-encoded. We recommend using the `applicationProperties.settings.security.authentication.jwt.base64Secret` key for optimum security.
2019-01-04 15:15:18 WARN  TokenProvider:46 - Warning: the JWT key used is not Base64-encoded. We recommend using the `applicationProperties.settings.security.authentication.jwt.base64Secret` key for optimum security.
2019-01-04 15:16:56 WARN  TokenProvider:46 - Warning: the JWT key used is not Base64-encoded. We recommend using the `applicationProperties.settings.security.authentication.jwt.base64Secret` key for optimum security.
2019-01-04 15:20:34 WARN  TokenProvider:46 - Warning: the JWT key used is not Base64-encoded. We recommend using the `applicationProperties.settings.security.authentication.jwt.base64Secret` key for optimum security.
2019-01-04 15:27:37 WARN  TokenProvider:46 - Warning: the JWT key used is not Base64-encoded. We recommend using the `applicationProperties.settings.security.authentication.jwt.base64Secret` key for optimum security.
2019-01-04 15:36:12 WARN  TokenProvider:46 - Warning: the JWT key used is not Base64-encoded. We recommend using the `applicationProperties.settings.security.authentication.jwt.base64Secret` key for optimum security.
2019-01-04 15:37:35 WARN  TokenProvider:46 - Warning: the JWT key used is not Base64-encoded. We recommend using the `applicationProperties.settings.security.authentication.jwt.base64Secret` key for optimum security.
2019-01-04 15:42:55 WARN  TokenProvider:46 - Warning: the JWT key used is not Base64-encoded. We recommend using the `applicationProperties.settings.security.authentication.jwt.base64Secret` key for optimum security.
2019-01-04 15:45:36 WARN  TokenProvider:46 - Warning: the JWT key used is not Base64-encoded. We recommend using the `applicationProperties.settings.security.authentication.jwt.base64Secret` key for optimum security.
2019-01-04 15:47:55 WARN  TokenProvider:46 - Warning: the JWT key used is not Base64-encoded. We recommend using the `applicationProperties.settings.security.authentication.jwt.base64Secret` key for optimum security.
2019-01-04 15:50:55 WARN  TokenProvider:46 - Warning: the JWT key used is not Base64-encoded. We recommend using the `applicationProperties.settings.security.authentication.jwt.base64Secret` key for optimum security.
2019-01-04 15:54:15 WARN  TokenProvider:46 - Warning: the JWT key used is not Base64-encoded. We recommend using the `applicationProperties.settings.security.authentication.jwt.base64Secret` key for optimum security.
2019-01-04 15:55:53 WARN  TokenProvider:46 - Warning: the JWT key used is not Base64-encoded. We recommend using the `applicationProperties.settings.security.authentication.jwt.base64Secret` key for optimum security.
2019-01-04 15:57:17 WARN  TokenProvider:46 - Warning: the JWT key used is not Base64-encoded. We recommend using the `applicationProperties.settings.security.authentication.jwt.base64Secret` key for optimum security.
2019-01-04 15:58:23 WARN  TokenProvider:46 - Warning: the JWT key used is not Base64-encoded. We recommend using the `applicationProperties.settings.security.authentication.jwt.base64Secret` key for optimum security.
2019-01-04 15:58:26 INFO  TokenProvider:115 - Expired JWT token.
2019-01-04 15:58:26 INFO  TokenProvider:115 - Expired JWT token.
2019-01-04 15:59:58 WARN  TokenProvider:46 - Warning: the JWT key used is not Base64-encoded. We recommend using the `applicationProperties.settings.security.authentication.jwt.base64Secret` key for optimum security.
2019-01-04 16:19:57 WARN  TokenProvider:46 - Warning: the JWT key used is not Base64-encoded. We recommend using the `applicationProperties.settings.security.authentication.jwt.base64Secret` key for optimum security.
2019-01-04 16:22:18 WARN  TokenProvider:46 - Warning: the JWT key used is not Base64-encoded. We recommend using the `applicationProperties.settings.security.authentication.jwt.base64Secret` key for optimum security.
2019-01-04 16:26:15 WARN  TokenProvider:46 - Warning: the JWT key used is not Base64-encoded. We recommend using the `applicationProperties.settings.security.authentication.jwt.base64Secret` key for optimum security.
2019-01-04 16:27:13 WARN  TokenProvider:46 - Warning: the JWT key used is not Base64-encoded. We recommend using the `applicationProperties.settings.security.authentication.jwt.base64Secret` key for optimum security.
2019-01-06 01:30:44 WARN  TokenProvider:46 - Warning: the JWT key used is not Base64-encoded. We recommend using the `applicationProperties.settings.security.authentication.jwt.base64Secret` key for optimum security.
2019-01-06 01:34:53 WARN  TokenProvider:46 - Warning: the JWT key used is not Base64-encoded. We recommend using the `applicationProperties.settings.security.authentication.jwt.base64Secret` key for optimum security.
2019-01-06 01:51:57 WARN  TokenProvider:46 - Warning: the JWT key used is not Base64-encoded. We recommend using the `applicationProperties.settings.security.authentication.jwt.base64Secret` key for optimum security.
2019-01-06 01:52:18 WARN  TokenProvider:46 - Warning: the JWT key used is not Base64-encoded. We recommend using the `applicationProperties.settings.security.authentication.jwt.base64Secret` key for optimum security.
2019-01-06 02:06:03 WARN  TokenProvider:46 - Warning: the JWT key used is not Base64-encoded. We recommend using the `applicationProperties.settings.security.authentication.jwt.base64Secret` key for optimum security.
2019-01-06 02:08:35 WARN  TokenProvider:46 - Warning: the JWT key used is not Base64-encoded. We recommend using the `applicationProperties.settings.security.authentication.jwt.base64Secret` key for optimum security.
2019-01-06 02:34:15 WARN  TokenProvider:46 - Warning: the JWT key used is not Base64-encoded. We recommend using the `applicationProperties.settings.security.authentication.jwt.base64Secret` key for optimum security.
2019-01-06 02:43:58 WARN  TokenProvider:46 - Warning: the JWT key used is not Base64-encoded. We recommend using the `applicationProperties.settings.security.authentication.jwt.base64Secret` key for optimum security.
2019-01-06 02:45:39 WARN  TokenProvider:46 - Warning: the JWT key used is not Base64-encoded. We recommend using the `applicationProperties.settings.security.authentication.jwt.base64Secret` key for optimum security.
2019-01-06 02:46:30 WARN  TokenProvider:46 - Warning: the JWT key used is not Base64-encoded. We recommend using the `applicationProperties.settings.security.authentication.jwt.base64Secret` key for optimum security.
2019-01-06 15:28:55 WARN  TokenProvider:47 - Warning: the JWT key used is not Base64-encoded. We recommend using the `applicationProperties.settings.security.authentication.jwt.base64Secret` key for optimum security.
2019-01-06 15:34:57 WARN  TokenProvider:47 - Warning: the JWT key used is not Base64-encoded. We recommend using the `applicationProperties.settings.security.authentication.jwt.base64Secret` key for optimum security.
2019-01-06 15:38:30 WARN  TokenProvider:47 - Warning: the JWT key used is not Base64-encoded. We recommend using the `applicationProperties.settings.security.authentication.jwt.base64Secret` key for optimum security.
2019-01-06 15:44:32 WARN  TokenProvider:47 - Warning: the JWT key used is not Base64-encoded. We recommend using the `applicationProperties.settings.security.authentication.jwt.base64Secret` key for optimum security.
2019-01-06 15:57:28 WARN  TokenProvider:47 - Warning: the JWT key used is not Base64-encoded. We recommend using the `applicationProperties.settings.security.authentication.jwt.base64Secret` key for optimum security.
2019-01-06 16:01:38 WARN  TokenProvider:47 - Warning: the JWT key used is not Base64-encoded. We recommend using the `applicationProperties.settings.security.authentication.jwt.base64Secret` key for optimum security.
2019-01-06 16:13:46 WARN  TokenProvider:47 - Warning: the JWT key used is not Base64-encoded. We recommend using the `applicationProperties.settings.security.authentication.jwt.base64Secret` key for optimum security.
2019-01-06 16:17:45 WARN  TokenProvider:47 - Warning: the JWT key used is not Base64-encoded. We recommend using the `applicationProperties.settings.security.authentication.jwt.base64Secret` key for optimum security.
2019-01-06 16:19:33 WARN  TokenProvider:47 - Warning: the JWT key used is not Base64-encoded. We recommend using the `applicationProperties.settings.security.authentication.jwt.base64Secret` key for optimum security.
2019-01-06 19:59:37 WARN  TokenProvider:47 - Warning: the JWT key used is not Base64-encoded. We recommend using the `applicationProperties.settings.security.authentication.jwt.base64Secret` key for optimum security.
2019-01-06 20:11:14 WARN  TokenProvider:47 - Warning: the JWT key used is not Base64-encoded. We recommend using the `applicationProperties.settings.security.authentication.jwt.base64Secret` key for optimum security.
